500
0 3622 7687 3211 1371 3531 4448 312
1 5401 1091 5193 8345 7320 3285 3304 5072 1083 7845 7519 477 7206 9040 8848 6216 7049 5902 2304 6621 541 9444 250 7790 5038 9464 3700 712 9107 8248 4045 8121 3905 776 1934 4923 4079 5860 6889 7193 2768 7355 6029 1079 3432 3184 9032 8922 6737 949 8396 9347 4619 3363 2595 1552 9114 8512 5029 5006 8092 3320 4222 7053 208 1790 6492 7105 2870 4660 6550 1647 2983 876 7919 6447 3781 2109 9003 8539 5448 443 2003 2346 6306 9219 991 4787 9955 3964 7899 5163 4626 9230 2943 2426 2475 155 8423 2679 3958 9733 5885 7379
2 9956 3271 9156 9393 2974 927 9420 1616 7150
3 9717 53 8813 6389 5223 3116 2271 2358 7353 6960 5031 5300 8239 674 6618
4 2510 2285 3583 778 1172 2093 9184 2638 6263 1543
5 7887 4519 941 5424 8543 5653 1284 988
6 3996 879 1890 1655 9106 8186 5814 8587 9356
7 8351 6168 7716 4564 6515 1311 212 1159 7097 9188 7406 1010
8 5556 754 3488 4435 8199 9705 8372 7306 2283
9 6872 7171 2963 6830 6624 3519 7882 5048 4353
10 3097 8011 9818 8379 696 7917 4547 5854 8826
11 970 7543 8781 7470 7453 6433 3534 1508
12 4073 7624 4978 9286 1968 4523 8440 5601 3994
13 9415 534 657 7149 4789 6325 1843 1443 2027 7172
14 739 9939 1556 773 3536 7227 1400 8110 4219 140 8954
15 8800 883 1905 3095 4596 9878 4150 5519 3121 5867 7169 9071 5228 3305 690 3275 8524 2016 7834 3718 3923 7291 8583 1129 3603
16 6902 5174 7738 8 9217 3643 8749 3516
17 2488 3650 808 9012 2188 8389 9673 8490 8476
18 2279 4999 4453 9826 2050 4319 546 5908 5663 812 6862 9883 3585
19 6466 9547 2254 4592 1662 8867 7581 1109 3986 5876
20 5236 2726 2024 3212 3218 958 5158 4096
21 8502 2390 4391 1048 7009 1411 1632 658 1236 9289 7284 4094 1966
22 5116 1018 537 3118 2914 4292 2579 4430 5524
23 3222 3309 873 603 6174 5818 6587 6925 6418 7829 9582 8074 8429 3772 2107 8056 1593 6222 5746 3447
24 7585 3715 5651 8461 6105 616 8878 915 8589 4727 3314 2982 1290 601 4464 9433 699 4514 2286
25 1212 6598 7117 7075 13 5409 1272 1786 8350 1301 8754 6195 1264 5162 296 6388 494
26 3661 5634 2246 9868 976 7551 3451 6110 8615 69 8526 1395
27 7427 5001 7587 4328 6420 6589 5774 1797
28 5615 6414 9668 6032 4087 2712 5557 7631 1049 898 1004 5067 7000 6819 985 4029 9096 8752
29 7069 8854 5674 3864 5467 1939 8342 6374 6149 6955 3656 934 5429 3839 5385 2876 8287 6526 2489 4627 6729 7082 7221 7673 1916 8363 6898 8300 9684 6084 7037 1705
30 9827 128 7703 4979 2903 8126 5233 3955 1116 6085
31 2839 3424 1280 6572 6894 3857 3122 2290
32 8708 8782 5362 9295 5655 9115 5825 2392 8743 2423 5082 610 3219 4580 285 5933 8522 7060 1680 1281 1204 4043 8124
33 6796 1460 3613 6901 762 2984 3033 6315
34 3152 323 3686 1577 3943 7903 6310 5169 3859 3764
35 8213 5013 6626 4062 1202 8627 8648
36 5474 2382 9045 6186 9218 9185 7259 6438 463 2029 1850 3811 5172 3297 1031 7696 9208 8371 5329 4755 946 2624 5526 1387
37 5012 2243 8740 8434 4668 6474 4869 7593
38 8914 5617 2705 3884 3277 817 7650 9228 2197 8207
39 607 8144 1945 4050 2098 996 9902 4413 563
40 8260 3260 3086 1622 1867 5186 4099 8677 3087 3008 1548 9397 1805
41 9034 4434 6900 3334 2157 3273 6730 5764 7307 7020 2574
42 7344 4903 2233 2231 1598 9840 3096 7186 5028 3148 1090 1500
43 2549 5631 1492 1536 2802 7789 7566 6041 7562 3790 4933 5020
44 4986 1386 8003 3490 9739 2387 8879 2859 4042 1588
45 9946 6494 6821 8159 5181 7981 9809 1746 2701 7482 3414
46 9750 1893 5868 1888 7626 9650 1775 6241 9384 3322 8367 9202 233
47 8466 3071 1128 4124 5657 4994 29 1039 2173
48 4884 6528 1287 518 7029 9600 3784 7210 7434 3752 5898 8580 7200 2263 2491 9933 3869 9260 4928 3513 2146 2818 8685 8600 3251 7085 7987 1391 4350 9215 3751 6980 867 5821 3827 4234 2847 3533 457 8696 7569 1611 3630 188 3961 4442 5887 3950 4317 3509 850 6675 7933 5063 2857 8150 4367 5090 4752 7710 5339 951 3089 9677 3561 2650 3703 8269 2673 2707 4760 6487 640 1904 7044 2158 6351 3207 6285 2209 8896 1223 3061 9465 246 5295 9607
49 5124 2799 4607 8837 3705 7391 362 163 5628 1880 8592 9416 9676 2299 8810
50 3522 931 6346 7885 8876 3984 2596 5179 9675 1148 8948 2438
51 9350 3786 7093 6870 4579 2051 4659 7224 9000 9603 8041
52 9195 2563 6109 1458 4483 357 1318 4003
53 2338 573 6723 171 8902 9022 7074
54 5096 2499 4949 1609 5584 34 9867 9207 3391 4808 8095 507 3337
55 6339 6349 2336 1998 4153 918 1861
56 1152 5202 1240 453 3170 458 1906 1100
57 8037 6997 5564 6919 8151 1859 9152 8636 889 505 5728 5911 5623 3270 6313 3946 3967
58 2746 6051 72 7970 283 271 2597 8320 7541 2612 8809 3804 9047 8862 6653 6594 336 2088
59 700 3025 2037 5913 272 6398 6129 8268 4407 8684 2866 2711 7177 5889 1220 9719 2954 5773 9961 1835 9377 6401 6218 8306
60 4525 2419 4562 9396 2834 5517 6309 3338 8623 7389
61 5203 7487 8175 2187 1614 705 4189 2106 9557 2391 5983 2193
62 5839 9896 7400 9392 8153 3397 2445 3342 5558 3470 701 7993 728 9971 7678
63 7869 62 2282 158 2026 2684 8917 6275
64 5988 63 3475 2663 9976 6238 4838 8988 3968
65 1504 1942 2485 9795 7861 8169 9354 5383 6390 6269 6875 8756 8259 3795 7454 8687 2752 8053 8881 8220 5155 1607 5895 8418 7956 6236 2274 2404 6413 5212 1665 4056 4093 774 7392 7641 3453 2060 3665 1555 5122 7252 1081 2932 4941 1642 4230 2171 295 2900 7013 46 828 454 1950 6061
66 7531 9068 4708 9714 423 4932 9788 5984 5879
67 1656 4246 9077 3404 8968 9093 6308 522 5070 8882
68 8928 7692 5269 4327 2994 5482 8493 8822 1472 3220 7796 2906 1924 3141 2580 8789 2968 5358 8319 3875
69 8678 8390 2564 1716 3526 4740 7548 1410 1738
70 9168 5647 5151 2324 3069 5957 2545 6582 8662 3550 1407 1851
71 3102 9586 110 6748 6464 6509 3684 5607 3706 4269 9451 8507 1510 6699 5826 1336 9380 2184 3047 279 6391 6946 9548 1538 2607 6903 955 3190 405 7126 3837 8987 6625 2958 444 2951 7788 8106 9083 9398 2458 8579 3195 5253 437 8733 6100 9806
72 666 6623 3683 4963 6581 2661 5440 3747 3535 1478 6123 4379 1034 881 5368 159 6381 2542
73 5074 2021 1000 2541 1754 4028 6036 4605 6002
74 8152 26 5978 5345 5956 9079 4097 9113 2881 580
75 7154 744 4805 5565 9969 4117 4693 1363 5904 5391 2674 5060 6213 6834 3998 9341 3840 3276
76 7499 2539 1907 4813 3524 948 9176 6436 2373 4160 8278 5671 4242
77 6018 4372 9964 3313 4614 122 4937 4635 9391 6777 7247 7173 211 5330 6103 6787
78 9292 9830 5865 1694 7554 1309 4559 7767 7639 5569 1640 2177 6656
79 480 193 8608 2852 5779 9035 2467 1342 2820
80 6117 9674 6558 5152 621 8107 229 908 7672 3482
81 4118 4485 2450 4381 7269 36 2969 7776
82 2082 8941 1191 785 5237 3283 4638 5766 404
83 5370 6940 5973 2682 8093 9707 7781 9661 7027 5355 7560 5125 308
84 535 2747 7215 689 6 3263 8148 8410 8630 3355 4226 4126 6498 5593
85 8444 4613 7263 393 5055 7121 532 5134 2522 6881
86 9332 9414 9609 5910 9385 5907 3356 252 7399 5566 2828 4063 9689 2753 8441 5418 1436 3403 9865 5713 5150 6627 8503 3814 9073 5069 4212 513
87 77 6468 7356 482 854 592 8995 6045 4481 1980 417 5894 1016 3417 32
88 2961 2920 2225 7501 9543 8761 3235 7682 1263 9298 7217 8795
89 4332 620 1818 8588 6749 8536 8808 8349
90 7451 8997 547 8890 8595 4552 1168 265 2350
91 4586 5700 9498 276 9206 2161 3576 2512 9065 7276 4241 2462 8698 792 354 8044 1445 1130 1920 4995 3588 7975 9522
92 800 1275 1294 5786 4690 2751 1029 5419
93 7686 9845 4802 270 1394 9186 914 6038 6410 7695 7567 1772
94 3666 7772 6544 9885 4444 1523 1009 2634 9593 8859 8710 210 4966 1295 2393 5214 1585 8935 5980 2247 9055 3153 5143 3699 3987 9085 8925
95 4905 1112 3876 5534 1332 8842 4123 3284 4033 3495 9302 6260 8480 4092 1930 4258 44 4249 2677
96 1503 5081 7465 6217 2472 984 8374 5115
97 9098 9375 5360 4665 7915 897 2835 4846
98 8885 4844 8748 5676 7647 1807 349 286 6808 7425 6555 4486 8753 6525 7670 3552 2750 2168 3670 9435 4977 5552 5316
99 2628 2850 8788 9747 1162 6732 4360 8357 4344 8335
100 1780 2927 6503 8531 9290 6001 2867 5871 6739 7254 9709 9191 90 2589 3051 2600 7213 5758 332 5553 1962 9580 5014 9822 5767 5286 7304 2897 7895 1858 5270 9555 3331 6469 730 1515 9898 5660 5349 2028 1734 3241 6099 7833 4893 1479 8188 5810 9027 6588 4528 7856 3723 9940
101 6568 8194 3759 611 3778 9112 9502
102 1881 3794 688 3502 6733 1753 7557 6481
103 750 1170 8460 8534 5629 7248 4489 4432 1832 8558
104 2148 245 5712 9284 448 9161 7918 9866
105 5107 839 9622 720 9424 6204 8305 5264 8266
106 4225 3572 8617 7324 3323 1453 577 4228 223 8742 4220
107 5531 3238 2483 4504 7078 4709 8309 4719 8891 10 9172 8927 2543 7199 239 190 9816 5230 9740 1106 9364 6829 6320 842 8131 7607 5798 61 1869
108 1047 8542 3693 5960 9568 5283 4696 710
109 7274 9064 7342 5527 2848 2451 6686 980 5160
110 2141 9362 7415 4767 7288 240 2621 8724 5450 7689 6219
111 4490 8117 5790 2210 6805 5276 8996 4791 5338 9306
112 514 2534 8173 3202 4240 6300 24 8975 4177 8400 9530
113 3970 9325 798 3386 2223 5192 2424 6662 478 5995 1077 3727 3474 4178 365 1491 8598 5630 1464 1740 2784 7007 5294 1208 9918 6143 8333
114 2708 2822 7614 4721 3719 2864 7061 5939 4792 3966
115 7857 1374 3803 2080 7381 4590 3846 3446 3680 5905
116 1713 8024 525 2208 649 1182 7358 2242 3388
117 1648 7505 3933 7638 6504 434 3467 99
118 6592 1702 9293 5245 2978 8863 5500 1583 1345 6511 1405 3883 9703 8605 130 207 524 8109 4520 2139 7457 7410 3268 4970 9395 8930 5132 7706 8686 9351 865 1175 2810 8040 5433 5768 9807 9995 7579 5095
119 9945 3176 3394 6543 4549 1397 9876 3003 4031 6104 5080 175 1277
120 1338 894 4713 161 8066 1126 1190 1830
121 6966 4603 9057 3824 9771 5327 3082 1188 3138 2162
122 6092 9021 6148 3054 6282 5666 4253 5982 3976 3634 8959 606 6991 3802 4840 4785 9094 752
123 6212 120 6892 916 788 1865 166 8709 3292 5606 1639 3336
124 5886 1473 4553 4830 533 4019 7931 9119
125 5144 2769 2916 9534 364 3615 7366 8002
126 2890 9912 8252 7395 3579 6248 3149 8137 1122 8670 5497 3817 7739 3481 6303 6427
127 6614 359 7613 3847 1379 5744 5347 8964 504 7383 9430 2616
128 19 9104 7552 1431 6265 6573 717 2934
129 5478 9512 6157 4735 8009 389 7238 4388 3625 9932
130 8906 7223 3065 4488 9403 3978 5363 8866
131 7718 4149 9249 9687 4161 7220 415 1215 2976
132 2359 4640 9559 7600 7005 9088 5146 9835 4191 4419
133 1756 8447 7577 6133 7988 2868 8012 6266 2365 6989 6192
134 2402 3083 6890 262 8314 4135 9366 2065
135 9492 581 1107 4459 6145 8324 7967 8143 1136 5873
136 2723 5977 7299 6457 1357 406 4001 5077 2937 5689
137 2947 2470 3845 7159 3431 1138 8190 6233 8547 8921 887
138 4456 8851 7308 6069 3318 9643 9992 9019 2571 8417
139 4741 6996 6633 3497 7769 3871 3530 8659 4651 9538 390 642 4546 3999 83 5536
140 1420 9784 1760 2213 7493 52 6180
141 8828 2807 5706 632 9488 73 7303 9854 1074
142 6316 5528 1751 8141 3501 3939 4631 8839 737
143 7022 2315 9491 4883 3644 8701 9308 655 6397 3500
144 1113 1385 4896 3327 2408 3655 4820 8527 7461 6688
145 591 9495 8674 3422 2731 5743 2717 6341 7930 3348 7205 6641
146 7830 17 8865 5717 4753 9905 8903 8395
147 7578 9076 3143 2309 7928 9423 5204 7370
148 7851 168 1154 1095 4433 343 9440 58 4238 4766 8888 1569 9887 2191 1969 1615 4929 6311 7350 1380 836
149 9 8750 4132 8348 2103 2196 6661 3662 5949 4169
150 1567 548 6059 9728 987 7432 3538 880 1377 2097 5522 1457 2194 3717 6112 9317 8087
151 1834 5596 2680 3691 8391 9418 3560 4831 5351 8871 8529 9821 7991 8514
152 1408 3590 2524 3392 2988 9874 5505 1964 5161 8052 4095 553 9511 4677
153 1070 8147 8200 2375 2749 3398 8457 3280 1045 9850 6050
154 605 954 7124 5142 8046 5893 8084 7617 3060 8243 779 2683
155 6417 6484 4416 1297 8425 2149 4629 4771 1793 9015 3188 3897 6298 7938 18 5690 8499 4699 6768 5950 3610
156 6983 9884 7875 9336 8171 2120 8827 8548 9460 6694 1144 1840 7813 6839
157 6579 8697 5024 7450 3350 7983 7416 6344
158 2314 3523 8368 6910 2766 8613 3799 1514 6711
159 3183 5399 8471 7530 3638 1952 6358 4364 9591 2468 6506 2449
160 7657 6362 6567 4888 9655 5740 8455 7302 1169 5416 7965 255 3555 5555 4439 164 7476 2325 3479 950 9742 7409 4529 8331 7737
161 519 7127 2077 3831 5343 928 6576 5632 6367 5466 2237 2446 953 7045 5206 6773 8304
162 3647 1720 7201 2099 1258 2623 1063 4688 8751
163 5273 9588 5590 8216 5130 5235 2734
164 3732 234 667 7848 5682 5183 8488 3992 6667 6956 9090 4666
165 6604 3629 6727 8361 1056 8556 7095 4310 1878 714 1959 7092 2781 6048 7961 5884 5061 7881 6752 3100 3797 9352
166 5639 670 718 5996 5756 1570 1719 9283 6554 307 4021 8251 1181 3092 8702 6970 9829 2239 5961 4313 8217 8693 3745 5925 6705 2409 9621 9576 8894 5946 4628 2652 4232 2396 3434 5104 9704 5801
167 3151 6461 6291 6242 4051 777 5582 5680 2152 7632 2049
168 8203 379 9175 8734 4816 7826 1533 169 8456 8419 3157 6015 8582 9173 8388 9507 9048
169 6800 2657 152 1360 7405 3042 2550 4295 7504 8720 6915 1908 4731
170 932 124 9906 1432 9459 4482 5763 2891 7727
171 1469 1051 7408 5751 2262 4906 1829 9235 9636 8416 8242 9558
172 3959 8492 1743 1994 5891 215 6789 5119 4334 6531 7310
173 1902 7277 833 6600 302 1925 3057 2224
174 5538 3167 5432 6035 6267 7071 7858 8798 9241 3677 2709 1451 6177
175 2883 9618 851 8198 4726 6086 7237 2946 4744 2195 2933 9950
176 5050 2614 2501 9343 8401 3041 6926 8952 6753 4943
177 6489 7104 2777 5625 6431 7062 8380 4521 2915
178 7359 4512 4323 7187 4904 2440 241 3716
179 5320 3867 6372 9977 799 7535 4438 4259
180 9646 7733 2613 7602 5702 2617 9478 6423 8893 397 7740 3937 340 1761 759 5546 5005 4450 6011 8986 6336 3498 6415 9132 1628 7755 4959 4378 9632 9010 254 6387 6400 5247 6063 6962 6445 9169 4214 8904 8157
181 2922 7437 3194 3659 8310 5858 6076 6333 1390
182 1322 6721 1073 5496 6255 198 5167 2310 999
183 8705 2713 8122 2236 735 7777 6256 2433 7846 4795 2218 1344 5393 9907
184 6849 8864 8098 9904 8736 5824 571 3344 6490 6140 3689 6975 1866 4573 965
185 9736 8530 411 2096 1065 324 6116 2294 402 7442 4687 2529 5375 67
186 6114 7275 5093 8202 6852 7265 4032 2448
187 3044 5875 2771 1933 4730 2526 6921 2990 6421 1142 2578 8899 643 9901 2690 5030 2601 9917 2465 5797 455 5605 5408 7509 8700 8683 310 1877
188 8270 4798 9523 5384 9943 2344 9815 3486 3080 7136 4916 9026 2190 4397 4080 7807 3679 7185 3553 3154 465 2794 6532 7822 742
189 4568 6147 4663 9999 6590 3771 5707 2009
190 5732 4819 4300 2201 698 9986 8966 8747 8295 167 1809 9338 5454 4733 9162 5834
191 2337 5850 5781 9448 3635 9541 8767 1559 1314
192 5297 3628 3067 9166 1704 2959 338 1406
193 5261 3920 4587 9857 5439 7824 2719 1812
194 1973 9438 96 9743 6583 5490 9517 7951 4336 5250 1103
195 5626 5154 1249 9484 6440 9844 8079 9587 5985 5799 9405
196 1102 4582 6781 5227 8378 3384 5991 5864
197 3697 4944 2939 7978 6485 243 4455 1317 6126 9942 1434 2782 4173 1678 172 1884 4707
198 6690 3763 3674 4174 6056 3435 5853 5398 8355 3237
199 2497 8075 5683 6488 449 1914 8118 9110 7411
200 8463 6215 665 2124 7226 9383 5415 7469 4304 9592
201 1234 1257 7773 9881 3620 5491 7232 6271 472 4989
202 3267 2215 5658 101 5817 9253 8765 6364 8103 9400 3696 1330 4179 6040 4983
203 9434 3466 9730 9520 486 1564 8411 6803 4542 3140
204 4100 5356 2879 9233 656 9164 6691 4873 2798 5813 5442 5581 5430 6860 3901 6968 3056 2266
205 9769 4920 5371 3593 2548 9895 8032
206 7178 639 413 6859 8552 9493 7811 4337 2156 4055 8058 6863 6377 225 1918 4497 8030 1779 5589 2863 9187 4081 660 6214 9583 9692 2147 8985 9843
207 3024 2115 2767 5678 5086 1781 8071 3813 9063 6406 2681 4193 9921 9798 6459 8286
208 6185 5284 9595 6348 41 1422 7907 9274 5417 4643
209 1853 9363 5877 8731 154 5449 9948 516
210 5485 5796 4686 7241 347 6000 9628 2536 4412 4209 2718
211 9635 8729 5103 4939 9803 4223 5348 4365 9442 5373 9368 678 716 7115 8102 1574 1241 8571 2647 5659 8508
212 6520 8464 3469 4556 54 823 9466 7414 9462 3807
213 558 1127 2889 2975 60 6209 2999 4164 5954 6237 3779
214 3762 8313 6643 6057 3657 1452 4572 3476 3456 9255 7351 7191 4574 4342 8358 7260 9357 2855 3969 4324 1423 4537 6701
215 7867 3281 8138 8635 9766 421 368 7792 2166 66
216 1459 7281 7329 2421 474 4589 9685 9873 7382 9474 8564
217 8513 6818 4747 1706 9601 8413 4609 5208
218 1963 9649 5509 8931 638 683 3545 7513 866 5019 3226 1176 7419 9137 3203 9337 9436 9757 3234 2739 1153 8352 6734 9259 6385 6853 4302 7183 1050 8015 1948 691 3841 6355 8146 5088 1248 4070 930 7123 1465 2203 8325
219 827 1484 8757 8226 1870 6043 8718 1783
220 6637 3450 7407 9355 4563 1591 736 8631 8621
221 490 4152 4860 2725 1600 7837 8065 1896 7338 5007
222 1695 5145 6223 6229 4449 7679 8834 6674 8840 5110 4474 6472 7042 900
223 9738 6693 8327 2368 6831 94 893 2722 2369 1052 805 7746
224 6221 8624 6249 4625 7601 1838 2226 2134 7628 2645
225 9192 4414 4971 3409 528 141 8570 8377 9485 2464 8290 1839 227 385 2292 5216 7243 2030 6198 6070 5523 8189 7984 7138 7202 2403 9712 9671 9957 3853 6798 3789
226 1178 2551 1539 3825 9163 8228 3852 4851 8085 268 630 7354
227 2270 4166 5242 992 8946 5195 9239 196 6607
228 4197 9490 8596 8446 8950 2301 8178 830 9584
229 7544 4678 7076 9744 7412 4656 8616
230 4658 2745 9376 9256 7888 1276 7068 2938 5065 9871 3557 697 8135 3935 5609 7604 1749 1658 989 1737 7960 3159 756 7142 3863 7467 2792 7526 5177 2692 5979
231 7256 6964 8852 4256 1231 1179 2135 5842 6780 9481 7393 559
232 5882 9151 8937 4554 2296 2308 4484 8246 5470
233 2228 3365 2998 7808 9291 5934 4136 3621 319 7516
234 9470 3160 5413 9425 687 9908 132 1833 3505 4068 3463 7349 1242 675 8814 9775 3093 7485 1140 9025 6460 8414 4077 2232 6301 6945 6359 2698 5710 9988 6324 3547 6842 1580 8651 5780 550 7163 1554 6772 2741 1498 863 5462 5704 8055
235 4858 3494 2111 150 1682 8442 1424 567 2516 7708 5164 6197 4774 9741 6541 487
236 5199 492 1193 2473 4480 1361 9811 6824 9379 5512
237 4772 9258 2048 1765 6597 2511 9893 3370
238 216 8962 6278 293 7021 5999 2755 3127
239 4882 8101 4782 1398 2207 7491 3767 1698 526 9678
240 5673 320 2067 5168 3339 8083 5828 3941 6462 9314
241 1196 5612 8637 8454 8382 493 9527 9067 2204
242 428 1279 3891 4303 3972 9841 7283 1163
243 8468 2602 38 3529 2399 7924 2222 8191 7270
244 5479 2295 1356 1026 2255 9254 6659 8719 5271 6724 7884 2456 2432 3368 7054
245 3633 9494 5282 7676 1654 4746 9611 5267 4306 8520
246 7974 7831 7192 8518 9182 4796 1477 303 7561 1957 4127 6497 9761 5833
247 9789 1685 9751 8793 1366 3147 4924 5638 6302 4945 137 3178 3819 5922 1845 4245 1624 4866 6551 4997 6479 2164
248 6619 7770 2353 7160 3145 1697 8523 6058 8403 5367 6738 1267 765 1646
249 6471 3773 1681 6235 702 6395 9148 4239
250 6776 6950 8115 4424 9998 8940 8957 8646
251 3132 7195 1667 7714 4917 5176 1442 888 6642 3433
252 1104 9387 6353 3694 6886 9560 7810 396 9196 5511
253 3464 3860 2495 5157 3907 9028 3990 5461 5827 1596 2809
254 9645 7040 8533 2696 944 1860 6022 8838 8090 6495 5494 4879 5323 6747 1352 6477 9313 2143 9487 9697 1937 1141 485 1219 3821 9409 6053
255 1727 4964 1011 6878 6276 7916 9177
256 3031 8026 256 6136 6884 7157 3678 2145 7132 5374
257 4148 503 4175 2319 2926 9581 5257 174 5687 789 6570 6685 1124 4737 5240 7821 4584 3120
258 9431 3755 8967 6861 5218 6891 6924 5459 6578 5998 9602 5044 6175 6230 2570 6914 5241 9721 3308 7618
259 671 555 4510 4672 1003 8977 9130 685 3856 5101 8312 3623 4566
260 7141 3889 2411 7131 8572 8658 1449 8294 2066 3254 2604 151 2008 2505 8905 2540 6984 5696 1651 5178 956
261 4856 1683 1650 6707 4921 4854 9529 6146 6052
262 884 8569 4743 431 8481 7675 7909 2047 8163 1253 2169 4557
263 7976 4496 7495 637 4648 5209 7533 766 4024 6122 4575
264 9060 4284 6518 1489 1481 1849 5592 4649 1271 3525 6393 55 2234 5890
265 1203 4852 6882 1663 1228 6760 9506 3701 5888
266 5561 6571 4297 235 2936 7730 3009 4325 1001 566
267 6715 694 8739 7890 9718 2420 5246 1199
268 1038 9578 1417 4363 4469 4863 6312 1013
269 6328 7823 6210 5705 9660 5900 2957 4368
270 6854 8225 2172 1487 593 1194 7640
271 7253 2302 654 6496 6941 3173 6651 6062 1855 1931 9323 6476 6512 5785 2873 5188 1306 8989 6539 1953 2165 4260 126
272 9312 202 4548 203 9296 8453 6979 8969 7563 206 1666 9101 2586 2795
273 9528 8573 837 4389 6412 3429 8516 7489 646 9716 2101 5331 3016 1501 521 9247 462
274 2071 6244 4420 4349 5515 6189 2552 9619 5912 4803 1183 2305 6673 9667 2298 4669 9791 7018 6042 794 2837
275 3600 5513 6577 9889 8253 4141 6357 4131 9819
276 3288 3574 8559 7715 7797 2220 9078 7656 9613
277 5402 1233 5078 4815 7228 2415 760 400 3818 2788 7693 7893 6695 4926 4236
278 3568 5559 1565 4716 8953 8241 4779 3850 3985
279 3286 5800 7363 3991 5738 4411 3687 6176 590 9787 4040 2323 5334 9501 9953 804
280 6264 3563 5770 904 4026 3259 4393 304 2925 2355 7605 966 214 3532
281 6094 3018 9839 7558 1198 7748 7862 5127 2649 2087 3858
282 4639 2074 2760 7742 527 267 2670 4988 9036 6797 3750 9014 7653 7077 1986 663 1139 7180 5849 3842 2085 2183 6454 4463 177 6332 6331 7147 4843 3944 1739 1025 8022 6549 4870 1066 673 3119 8450 325 1137 2486 2150 3507 560 6698 7568 6676 475 2345 2583 2979 4912 6785 7162 8908 5784 8445 3073 8104 425 2001 5772 937 6895 9050 5583 7026 3720 8844 5492 5948 4647
283 5941 6521 9535 8744 100 6205 5652 9794 3948 2034 8360
284 4875 9679 3569 3250 7208 8521 9457 8965 6065 7230
285 3766 2474 2639 7920 2885 8486 4697 9109 1209 6283 5719 7939 3375 3672 1606 6321 8949 1040 2454 5872 9080
286 4278 7583 7734 1243 7707 4576 8835 7301 5002
287 6250 7688 755 5966 9758 4886 1981 6790 7586 2019 1150 1043 8880 8174 1900 5548 5543 1638 2260 557 1195 8609 7606 6771 1572 8713 9993 8386 2929 4356 3926 9836 4345 6292 6486 977 921 7787 395 4168 6115 5997 5141 6347 8982 4004 7950 1822 7615 7087 6139 1728 8958 6982 7948 5112 7521 4561 9565 5993 7786 6073 9991 9623 9777 6028
288 8021 5287 6799 2882 3775 641 824 3156 6648 5845 9227 7033
289 9562 4237 2808 3458 1944 1455 816 9610 9408 6809 7697 9276
290 7292 6426 5787 4009 7028 8433 4441 5376 1230 8129
291 3109 9174 501 6155 3540 7977 7980 3199 554 5126 3956 2911 3066 1773 8265 1218 7331 1471 517
292 919 4899 1660 9331 9514 1999 7128 2733 9269
293 7574 6628 2447 2366 3872 3296 1717 4475 2167 8494
294 9016 6068 8819 8804 9353 3443 436 5000
295 1841 8815 7212 9167 1644 9722 9133 7041 7665 5679 3174 2032 2865 2112 3596 1259 3425 6683 9804 9563 1535 1633
296 5337 3947 342 5603 1089 659 7166 2142
297 9407 1762 5085 2653 3048 834 6338 5525 8612 7336 3374 6257 1889 7912 8855 7896 4842 8060 5901 1528 6437 4280 6262 9936 1414 9521 1917
298 7352 3832 631 4534 297 3035 8408 4154 6595 2872 4478
299 3015 6191 2070 2544 9305 1351 787 5793 5189 8478 6523 8097 2640 2476 6840 157 6666 9005 1623
300 4103 9853 1620 4758 2779 7828 3949 9952
301 3651 8014 1425 9723 5698 1319 3493 3454 9281 6913 1581 3052 2256 8392 7290 4252 9238 3612 8176 4684 858 4823 6499 3262 676 6616 4431 1071 7599 9248 7335 7720
302 8438 3418 2815 1823 8297 9524 9900 791 1456
303 5215 7174 8501 6807 2297 2558 4597 5431 9701 1821 4689
304 6152 4195 4428 5644 3026 7058 2695 6756
305 6546 7645 1767 6240 6877 2761 8560 3741 9944 2762
306 5009 634 80 261 3473 9597 9972 7130 1224
307 7397 1693 7892 4706 3886 6514 9519 9406 1672 5106
308 3806 2343 8938 6883 4188 5730 8236 6190 3349 8029 1086 2452 8870 767 7681 8231 3562 8581 366 784
309 9911 862 8732 360 7496 6992 6365 2590 4213 5293 6990 1185 9569 4493 2117
310 9938 1602 2985 2417 6759 4289 1958 6871 6429 3910 684 4053 3441 4211
311 4567 8780 6188 3520 6201 2321 585 7198 7347 1852 4804 438 1721 3653 8932 993 5390 8787 3230 5815 3186 2212 7146 22 8990 912 7664 5434 7998 7369 467 2342 4822 4695 1641 8776
312 2573 4522 7901 7066 461 7114 6164 5739 7341
313 4264 2806 8784 4739 1826 2744 1941 5863 7556 9605 829 7261 4361 8998 257 2721 2917 4065 4984 6880 5318
314 751 8373 2202 2644 8279 4347 278 4757 2787 5108 8673 5831 9135 1075 3099 4491
315 2083 8680 2041 6386 7743 7445 2394 8540 2527
316 1035 9862 1590 2804 8057 6456 4993 1419 9691 4140
317 6647 9388 6010 7745 1645 6993 3913 5266 309 6905 1098 875
318 1421 2481 435 5990 6935 2824 3373 1261 1787 7188
319 2430 179 7646 3182 8963 3382 9319 7305
320 5986 9877 7886 6735 9772 9304 5395 7480 1617 6135 1730
321 6574 4654 9823 442 978 9245 2249 3873 6380
322 5947 6981 8762 3485 3756 9344 8025 9549 1092 5578 5042 8181 8308 7203
323 5795 1364 3882 1796 145 219 4047 7165 820 5992 3812 5846 8681 5333 5292 4974 2923 6931 731 1940 5258 6815 3916 4037 960 686 8245 5942 2966 3496
324 668 2198 8256 3135 3664 4692 6836 5365 5033 2895 5471 3101 5277 176 1791 4203 8195 7659 2189 5387 6681 5604 4749 3164 469 2970 5502 9598 7396 7233 6326 4156 9604 2113 5668 1273 4282 7634 6810 7064 4346
325 1527 9153 8088 9070 6710 5803 8449 8162 5472 9869
326 9051 8019 2341 5703 398 2973 8738 5004 4836 1972 8230 6741 7209
327 6606 7817 3682 7925 6801 9340 7816 6480
328 28 4296 6873 5170 9303 3648 3457 929 3045 6706 9359
329 677 7377 330 2306 7651 849 7251 6108 7910 1922
330 1679 2776 764 869 7255 1207 1828 3499
331 6766 8051 7014 9808 4703 6564 9146 6556 6923 113
332 213 3253 6505 8821 5299 5577 1634 5843 6405
333 5298 3862 2006 3785 5353 947 3953 8196
334 9122 305 721 4982 1232 3810 3282 8459 9422 249
335 758 9198 9252 115 1541 3975 7508 3631 6795 1788 1080 9832 9030 3108 9324
336 627 6792 9062 3551 727 2605 7873 5714 939
337 1468 4014 2812 4897 1324 2493 382 2886
338 3925 1186 5541 5514 1014 5369 1847 5721 4002 7090 7702 1715 7921 5421
339 5335 7936 3244 4404 2730 2811 6519 1794 9505 6838 8549 6963 4799 1255 6844 3708 9831 2275 9746
340 4942 2138 6725 3034 7721 1778 8384 2997 6379 1873
341 2466 5688 7386 9770 8154 2389 71 3580 6942 4704 2960 8712 6154 6640 2017
342 6125 3777 7621 4604 9200 6448 380 9262 1708 2896 2179 8594
343 269 1562 3343 1123 8008 4780 5129 6833 9666 8017 5661 7610 7057 7151 4401 8690 1505 9654 5111 9463 7820 7553 1164 9640 7101 5662 8947 1206 3870 1396 6770 3491 232 3504 3567 6731 1495 8912 6074 8267 4494 5288 56 8375 1512 8167 5857 3675 376
344 345 6851 4720 8562 6473 648 8136 9633 2633 4224 6680 7952 118 1282 3345 5755 8282 8939 9348 6622 3743 2401 5771
345 7197 6449 7507 2329 4671 7849 7946 5597 7841 7815 4551 6530
346 1237 3038 3028 3565 6936 8898 2840 5022 4991 8365
347 2240 2962 79 321 2 5715 935 1668 3012 2555 8994 9968 9007 6613 2288 7153 7652 3074 7949 3894 9533 7762 6938 427 5962 3936 979 7699 8125 5412 2986 4199 6258 3982 3877 9244 5880 7438 6547 6101 7413 9842 2643 7883 8387 7296 2340 745 1299 1774 4326 8491 1534 4035 4314 6054 4901 1984 5762 5748 8134 4855 3543 7709 2327 6327 4340 2121 9545 5869 7240 9199 4985 412 1625 4020 3830 7880 352 8644 569 8005 5340 259 447 3758 9075 8431 9129 6827 1979 6538 7736 6030 2155 3885 9139 5437 7120 5307 7732 8293 8711 8406 6584 5064 4352 3144 9848 183 8722 1105 6534 3836 3521 3376 9301 6134 5677 8812 8043 5848 3163 7713 450 1343 1134 7429 9013 6537 5507 3032 3023 1429 4909 3783 1383 9615 9903 9224 3111 9265 6778 9930 7055 3584 9453 3316 5445 2892 2666 7575 7285 4377 3586 5219 9270 238 7997 4664 8716 8130 1496 925 4531 8193 3371 8671 9160 199 7517 4728 1956 8284 4311 148 3077 2904 8212 8470 4341 6986 1125 1238 8830 6482 6021 4176 6044 1763 2013 4765 6458 4527 2790 8910 4624 6672 6692 6082 205 5862 2422 1121 2630 6467 9834 2704 6020 1353 7864 1042 6635 3602 8498 9197 8495 7852 1289 647 6404 1871 6170 5099 1117 6014 420 5326 2264 3103 3753 9299 847 8116 2128 5248 2685 6049 1454 7759 9990 7219 2615 732 6920 3728 139 6465 5322 838 7012 8832 8069 6161 2114 4027 1524 374 7 5097 1058 9669 8462 1752 5446 4679 4958 1670 5917 5053 5788 9374 311 6141 843 3261 9404 780 6296 6153 5458 2175 5775 1557 4362 1731 9573 6470 4107 9461 5341 7133 5386 7806 625 8794 116 9086 84 7791 8841 9852 8663 8140 7001 3981 4558 3006 1710 9023 3106 7968 7874 5643 6187 5783 4786 76 3113 9688 3792 8183 3377 105 4129 4539 7782 8105 2662 9483 4180 4170 5451 2414 9443 4824 9043 1149 2773 7902 7266 2349 2858 6608
348 4359 9764 8081 6261 3 9031 1846 2817 3820 9330 7683 6144 6046 7216 3989 5138 5501 7598 8218 2603 131 9261 2057 695 3963 917 1711 5389 3229 8111 4541 538 575 9594
349 9537 8999 5903 2648 9926 1808 2460 57 7840
350 8042 7643 488 1619 7547 715 4369 8452 6896 7859 1586 8427 5716 7170 2127
351 7906 3564 5924 5595 1347 162 6811 5265 1482
352 9371 6286 9041 7691 3983 2924 1061 5635 1308 5059
353 353 5953 1724 2508 2137 4736 1742 9411 4502 8991 3325 2227
354 7436 5035 8666 5041 4750 4266 1064 5533 1444 7258 2206 6812
355 4956 316 8160 2816 7870 1691 3400 4215 4931
356 926 5906 328 9753 5040 9426 9872 7443 9954 2004 6709 104
357 1210 3161 1028 9193 7498 1530 740 1842
358 3575 9476 5802 8142 872 790 3582 3352 3726 7752 2737 355 4036 5254 6639 9755 5443 218 1741 4007 9540 2444 871 6102 770 5185 3681 4106 7744 2000
359 6850 8515 2105 5350 9657 6077 8672 8004 9624 8061 4487 1426 9309
360 4632 4181 810 1409 8035 1161 4128 6500
361 6034 4281 3669 4821 4013 1627 609 9886 6702 5201 8715 7611 7472 9616
362 9585 2059 5535 1120 9179 7161 3641 5554 1561
363 748 7385 6375 1499 5 114 43 1540 6231 2803 5928 4272
364 491 8897 4046 3608 795 5573 9038 5366 5411
365 9471 2935 9266 42 1180 6181 5936
366 1226 6716 7591 1971 8766 542 8639 5444 165 1745 8610 5594 6089 6160
367 936 2629 4276 5049 7839 4112 3216 661 4390 9500
368 8660 2796 4462 4588 1441 4777 3866 7677 7854 388 9664 9683 8172
369 4900 3075 3838 2687 3809 5919 2031 4076
370 3508 7572 8067 4171 3036 4710 178 9928 2018 4192 2185 4702 5923 6274 8338 5735 3566
371 149 6402 6407 2429 4761 1522 1412 9793 3774 6540
372 8443 2860 4674 3017 9781 7671 2043 7182 1919 1943 3578
373 21 3606 7422 7722 4375 7800 1817 8289 7207 5023 3437
374 1435 4874 1626 4841 3929 5757 8833 5190
375 4723 8158 1649 3410 5972 5011 8346 3426 8511 89
376 2367 4976 9421 809 8976 2599 7835 4383
377 9658 9237 6700 9209 418 6299 3624 7805
378 3204 6118 1006 7576 986 6253 6740 4398
379 4505 8632 2546 1303 7362 3214 6758 7775 4415 997 8197 3702 8981 1848 3515 8919
380 7765 1696 7979 3460 1769 2568 981 4102 1463 8676 6736 8177 439 3808 964 7972
381 2996 1669 7985 7962 3166 5620 6599 8064 7876 4871
382 4935 7119 2531 7488 5856 2908 7666 7083 4206 5600
383 8123 9123 1368 725 3169 4025 6897 8119 4147 106 1631
384 9316 8337 8770 8465 7116 6234 9920 6566 564 1531 2062 8936 5278 1978 6918 9499 4602 7323 4834 9091 3114
385 7099 771 7364 9087 4973 6225 9997 6718 9745 6867 8538 1019 713 8790 4832 7244 6356 7448 1550 4878
386 818 6273 8328 9203 4158 831 4436
387 9300 8264 6289 4421 3652 1814 6603 9847 7623 3554
388 8641 401 7559 781 8746 2356 7249
389 326 8250 3242 9432 7108 1674 8823 8302 8773 7719 8421 3428
390 2244 7484 9279 6434 5840 9149 5693 722 7337 499 4382 1961 1044 4583 3880 1428 1901 4925
391 9190 8000 1087 4652 7340 1723 9706 2453 4623
392 1369 1381 117 5113 5309 1060 4358 4641 835 4307 5929 6937 8758 5621 8604
393 3512 2494 8656 6363 8741 9859 3888 3014 3742
394 9264 2907 9732 4865 3997 2844 8086 7779 5098 8970 598 1461 5870 6113
395 3231 4797 6409 6767 2307 4159 4470 5026 8918 703 6323 7293 2736 3909 1929 9216 7318 7971 7373 6295 8221 4691 5045 3637 1101 2014
396 4155 9813 4082 3372 9456 1801 7995 1516 4454
397 8473 4210 4633 502 861 1335 8706 7325 6843 4898 2186 7239 4714 33 933 7004 5468 2496
398 3445 724 1201 8653 4274 7418 7065 2418 6879 5438 4662
399 8541 2582 7235 2459 6378 7943 9554 8208
400 3736 7597 3506 4145 8622 5396 4320 1892 540 8591 5622 4544 8699 7754 1874
401 4109 5092 2025 2063 5319 6784 768 2033 7449
402 604 7801 8050 723 483 3137 1582 5859
403 5308 9638 7262 5456 578 2269 1017 5321 9544 1876 6150 1197 2339
404 7636 6119 7096 1340 1415 1960 6609 2757 2887 6203 7455 3115
405 2248 7490 4891 5734 8214 4712 3721 2289 5153 7312 3129 5969
406 8951 8155 7524 8764 6646 3573 2678 5229 4044
407 3215 7372 1213 983 2627 2827 2562 6825 7989 4218 25 1370 7844 1402
408 882 6370 1036 9786 7006 39 1661 8586 6954 5342 8535 14 4110 5855 299 9838 7034
409 2952 3945 1173 7872 8845 2277 1119 8128 4115
410 5737 7036 6130 3005 551 9989 8726 5981 7525 1800 9652 3117 6961 3607 6502 971 2972 1912 329 2842 9144 4670 8628 2598 6909 4698 738 6615 7365 7725 2123 3013 1439 6453
411 2576 5441 1985 4257 2211 3642 4975 8275 7500 512 6516 5135 138 4084 8519
412 9358 2238 4853 1652 2869 6121 8778 5381
413 5182 8114 7747 5379 6352 5027 264 273 9056 8028 9029 8077 9861 489 9711 6491 4039 7008
414 7894 757 7294 4010 7663 9044 3609 5180 8113 9412 9275 5708 4644
415 9231 5537 5428 8509 4754 6033 2800 7784
416 3746 8007 9046 2397 2361 3902 7194 510 1589
417 9577 5275 5804 2205 9783 1864 7582 4814 3193 291 2805
418 6928 2326 3278 3110 1608 6166 8803 7728 8254 4811 3581 4847 82 3798 394 3255 9515 8340 945 6403 1987 7802 4680
419 4807 9994 6893 5068 4468 1084 819 3416 4954 9367 9734 3134 1072 7473 7616 4857
420 317 6985 8082 1947 5255 3887 1146 2490 4919
421 6720 5958 9413 6081 9698 9378 7609 5841 9589
422 8703 6031 9570 6658 7522 9386 3423 1229
423 878 9802 973 2669 6083 5131 9820 2660 6478 8585 868 3776 9194 2909 8238
424 351 3754 4762 2007 497 4646 1529 597 9282 7836
425 3366 7483 7024 2102 5207 9369 1879 4835 1675 3461 4330 7309
426 3002 7944 3192 2519 2293 6047 7471 3805 7590 7164 8916
427 3528 7289 6630 5921 4948 8428 3380 468 1246 9349 7367 7439 88 1868 5003 652 496 2732 4091 6178 5504 108 9720 5572 9713 4034 2192 7629 4108 9518 7333 3468 8728 6424 1799 2735 367 5656 9467 9510 2100 3757 6060 5175 1831 2064 5483 4828 813 9120 583 4437 7756 782 133 2538 3835 4423 7929 2856 9551 5547 2668 6226 5964 3537 7361 4965 5838 7771 6922 7486 6671 3932 8344 8439 3243 2518
428 8483 5352 2728 3213 7633 9984 4908 4254 3549 7955 356 5692 7819 9381
429 2955 7250 4990 5852 2716 5263 7847 7148 1053
430 8895 7940 5769 8792 6826 5346 6917
431 9102 3330 3381 6131 8329 9606 6224 2431 8298 734 4845 2398 4742
432 8924 3660 3415 8489 2333 6565 78 6939 7627 1911 7025
433 3735 9049 7371 9345 769 5550 4202 7100
434 680 9263 2838 6857 6620 8557 5008 9429
435 8655 195 45 6912 6162 8597 2503 2770 2104 5435 8668
436 1244 2129 3130 7079 9749 301 7330 7934 6259 4121
437 7843 5094 3988 3744 8291 891 6665 4089
438 2846 8362 5742 8168 3865 6354 1354 4788 1686 6334 1341 7889 7536 8532 8978 4880 6869 8874 895 4951 9159 7056 4277 5232 2783 8405 8223
439 8078 9965 3172 4418 6802 2577 9089 2513 2693 7314 3303 5645 5397 1736 1323 5636 3393 802 4517 5580 3383 3249 7048 3064 4402 5400 2565 896 6075 4783 5043 5457 6650 2383 4011 2651 3125 6071 3020 8257 5654 3081 9496 2554 7922 8900 4890 8831 7698 4507 3354 3673
440 7110 1757 9846 1192 6952 5062 4066 3256 1032 3265 8179 4299 4972 9449 3748 9370 7447 5260 6184 9181 3088
441 6793 4403 2878 1955 5560 23 8247 5664 8272 8477 2655
442 9526 9694 5568 5563 7966 2126 9232 6847
443 5909 4354 6137 8816 6677 3007 4705 6305 3714 8934 1770 709 4294 1898 8634 3405 5896 3801 9211 4069 3049 5866 8593 1935 3843 9837 9608 7423 6696 1292 6610 5234 1329 9982 5520 4636 7072 2676 358 8649
444 972 9532 8010 8448 6994 7125 86 3928 8763
445 4946 4569 6973 2965 7316 8714 7637 5724 8652 6999 6728 5836 729 134 253 3729 3227
446 1542 6817 4957 30 726 901 4962 8601 6631 7426 8185 860 6652 545 6251 2902 220 4717 4343 6949 1430 7694 8566 4784 6765 7023 1339 9970 6095 5239 3022 3326 7511 8887 6376 247 5304 9637 3104 3053 2774 2412 9004 9947 1260 8049 8797 6855 9480 3408 75 4907 7050 8210 7459 3236 1167 8858 5149 5194 8233 3731
447 6003 1 9899 3601 5968 6742 826 3298 9226
448 2235 6091 3918 7031 1897 3105 2785 1111 4012
449 9268 5695 6617 7780 4612 822 284 4938 6560 626 4667 4133 7435 8263 410 136 5777
450 281 6193 5670 9825 6636 7156 529 5034 1789 6977 2406 4571 5268 7155 1393
451 7680 3787 9141 8474 1690 9223 1782 3900 6908 9935 9097
452 7137 5075 2918 3046 4763 2874 6005 446 2833 7433 3291
453 5197 8258 6088 4655 3632 6820 2230 6775
454 1059 1373 8824 6865 2463 6507 6670 5481 1205 2532 1147 1315 5280 8170 8578 1132
455 2515 1413 4244 8805 5200 2144 8889 9116 6425 6373 2199 4960 2160 8180
456 8505 7118 8469 5920 8768 4533 602 5313 6329
457 6318 5312 1718 5874 2022 2388 9937 9686
458 1376 2377 4793 51 9037 7860 662 9682 3977 5303 2500
459 9111 9681 7564 6774 4271 123 1806 260 2884 4513 4293 2553 7059 4778
460 1055 451 6290 4565 5388 5244 2992 8555 4511 1587 3411 2072 1389
461 8955 4425 1996 4724 1005 1578 1989 7357
462 3616 1346 7753 7550 1722 8496 1605 8139 7503 6173 9708
463 644 8013 5317 9042 2313 9335 2635 9805 170 4078 1992 3058 9327
464 2877 5301 2318 2791 4645 5503 8973 3895 4622 783 4616 4591 1798 6254 7278 4308 4429 1579 2871 5052 8614 4086 5406 3942 5224 7038 6953 7904 1932
465 1997 2010 3165 2278 6416 9780 1133 5747 1067 2335 5989 8807 8574 7868 622 102 6717 3072 7477 793 8723 1310 6762 7537 5171 2095
466 7774 6764 7246 612 5328 8759 6944 5539 1747
467 6024 7167 3319 3704 5794 6750 8089 3225 5726 2002 1613 5166 3539 9892 1566 910 6786 8836 7749 4333 372 857 3465 6451 2176 3707 8027 7622 2764 8506 1265 2740 3364 7570
468 5226 4227 1093 1466 1815 5120 4955 7360 4409 7565
469 4577 6287 4532 6232 6933 2055 1007 2079 6722 969 1307 1903 8692
470 7043 9639 3822 7865 7945 4953 9509 2471
471 7143 8961 8249 3189 142 1982 8376 6959 4950 3329 8204
472 5951 3604 4198 1177 2214 8843 9372 9125 3904 9285 1810 7444
473 796 9236 8688 7431 1156 815 7030 5567 3128 6087 8234 244 1296 1337 2797 111 874 1041 8554 3269
474 2987 5808 6837 9342 27 682 1446 9225 64 7668
475 3722 7452 182 4610 8856 5105 786 7463 9858 81 2894 8156 3307 4285 8224 1521 3290 8829 2729 112
476 6163 1097 441 708 2591 2559 8980 3233 9271 4057 6743 8133 4054 3098 7086 4243 1118 9124
477 5699 4472 3208 7596 3068 2272 5675 9564 2659
478 8853 9959 9627 3084 5302 3710 5754 1785 2697 4915 8211 8036 7458
479 9427 2091 5976 6430 2479 8432 263
480 7017 361 5926 414 6199 7374 65 2443
481 7855 5587 1327 9656 2320 1250 8336 2384 6124 2116 287 9066 5187 600 3510
482 8402 7506 6916 617 5915 1440 2061 4745 3761 633 5489
483 5532 2252 9450 4683 7996 4309 9171 4812 3360
484 1160 9833 5637 1470 1637 5217 2930 129 3293 7272 6888
485 456 5477 9428 2608 5211 1227 7321 4348 3597 9735 1293 1923 5198 8775 6669 6343 1020 2910 2125 7542 9800 1110 3362 7932 4661 9273 1157 3823 5054 4104 1365 2038 1305 7280 7135 1085 9579 7842 4606 7039 4913 1174 9205
486 6013 1399 6529 3224 864 2245 3419 3155
487 3341 8901 5574 3197 4283 7332 6746 3881
488 3640 7184 9958 144 186 6561 599 6017
489 7964 8033 6337 6239 2331 9145 6602 331 9763
490 3021 1595 7642 4914 6934 2618 4837 408 6644 1885
491 6200 9653 2267 2092 4940 2078 5685 1298 8206
492 2052 3146 221 7456 753 952 552 2407 650 4801 9731 1601 7545 4967 6428 8528 1145 8920 7751 7179 4286 6611 1476 3158 523 7088 8209 3050 6067 8618 4071 6712 2533 1784 719 5156 7992 6360 9178 7474 6978 1348 2058 8487 8062 707 3379 7234 2005 2322 6270 3079 9659 135 300 4134 9008 8343 4501 4526 2439 7267 9931 7795 8227 8068 1216 2437 6545 8883 7669 6281 3395 2480 8599 8332 369 4400 2569 8907 4151 7481 6967 8484 2182 3427 7204 6687 1560 8235 9138 1256 574 1546 8145 3541 3004 5251 2699 4385 1571 3240 511 6369 6196 1401 2413 5752 5359 200 9979 399 6744 2136 7630 1252 2898 2611 476 1358 1328 4060 3232 1657 3914 3043 6280 8307 2537 1750 6899 5899 761 2875 4457 1375 4399
493 6207 5220 8296 3739 7368 3027 9318 7534 3690
494 2118 9796 4615 6557 811 2594 4500 6039 2434
495 7122 9567 7954 9778 6585 608 6025 191 6019
496 5109 5816 613 8911 1610 5117 7684 4216 9315 5465 8451 9311 6330 8031 1367 8054 5897 1247 2265 6408 2416 5407 7063
497 3965 7969 3210 624 2376 8205 3312 5259 9710 4015 1262 7549 4162 1776 5861 733
498 8301 5649 9566 5017 3518 3070 4892 4536 2036 8620
499 3737 6654 2823 381 6580 8661 8850 9001 2626 9069
