100
0 1461 1738 1230 9464 936 7003 2592 7337 6265 2262 3100 4460 1082 8614 1786 2730 4308 5406 1127 2053 2056 3698 828 1039 1990 4314 1949 5349 1964 518 9358 5034 1192 1775 9382 576 3350 9732 1596 7862
1 1245 4048 675 5041 1034 1076 5063 2698 865 2173 774 3358 1407 779 761 3317 3794 1600 1336 1202 3065 5141 719 2222 1066 7085 3126 2231 7307 1364 1067 2356 648 1645 2061 2132 8012 8508
2 216 585 487 612 1809 728 552 715 128 3046 1790 143 782 880 513 99 5150 4266 1070 5499 93 2433 273 684 849 255 180 289 151 424 2478 218 5659 136 1200 3831 163 9559 8402 1766 1132 228 879 1412 390 335 2208 7234 227 979 3767 173 339 377 9886 480 133 409 346 1476 113 439 395 212 408 5350 3248 7117 5501 3182 5985 4349
3 582 548 571 5664 2014 4994 6756 4704 5055 2185 6877 699 1489 3304 1088 810 2143 1520 4568 4728 1340 1845 3416 1301 3532 9030 7709 6045 4787 6378 891 3022 1762 1632 2159 1242 521 1061 2810 601 3598 483 775 770 755 1877 3069 5286
4 5132 1722 1473 1849 6031 3997 4710 1605 7818 5287 3287 6580 9681 1655 3164 7451 1965 7692 5371 6009 1885 7792 2546 8206 3151 1474 4311 1254 9908 3743 9467
5 1085 5954 3229 8100 4880 1544 2078 1886 2395 1784 3526 2082 2804 3338 6573 5136 1105 2942 1758 3935 1481 3860 5779 8123 1371 4241 7520 1932 3775 1213 8160 5195 2811 7694 1508 9716 5390
6 2007 1269 1814 2092 1467 1142 3391 1318 3741 2853 1299 1526 2416 1652 5277 7915 781 1143 1054 1823 1010 4770 2681 1462 695 1922 2960 1069 9722 2201 3659 4131 7597 1903 8541
7 1190 1438 9947 6702 4137 3011 1302 3041 4133 875 4408 7433 3623 3315 1979 6166 2447 826 682 6376 2529 4115 3751 2628 4238 2668 945 3242 6848 7279 7546 1635 6174 2268 1314 7018 3924 4337 1045 2265 3286
8 41 61 797 229 482 55 82 1384 224 725 5526 25 145 56 32 29 1077 152 2153 36 54 3106 158 135 329 410 70 84 31 977 316 3774 117 1572 6887 309 549 34 3849 5381 1184 42 290 1958 33 88 2076 60 442 243 3684 2955 280 110 52 5276 40 73 3198 3477 103 7055 96 97 709 948 389 2371 83 1089 1122 51 112 873 249 6604 50 211 371 6049 1315 2780 5482 6656 3992
9 1203 1622 2364 3571 3014 9567 956 2166 3949 811 3941 6830 5699 9634 1455 1889 5931 4122 5566 2603 2400 3516 1422 1672 1129 9294 4659 8491 2638 3595 5421 9592 2718 4705 2708 3970 8430
10 9097 2959 5388 1288 1237 7078 1120 3929 8345 3551 4427 5576 2122 2224 9206 3773 9073 2051 7170 986 4325 2921 5945 3765 7728 5162 1774 4052 9021 6366
11 1806 963 835 6160 1996 7033 3586 1379 7384 2981 2319 6062 1937 8965 5627 1581 4837 799 1074 1869 6515 5605 2300 2377 2908 6761 7155 1840 1953 3281 8835 4947 4917 2812 586 1424 5278 4302 588 7687 1390 1427 6831 5391
12 2029 1770 3094 780 1273 3221 1040 6042 2099 9208 1410 4938 5705 2144 4379 8116 4164 6017 1206 4156 7708 4597 4152 3224 889 3060 1825 3618 3349 1497 1570 816 1081 8138 1235 2215 8292 656 2978 7600 3458 4946
13 2121 2403 2413 3162 894 2980 1534 3999 4852 1396 1490 5020 1356 5675 2702 8839 2663 6501 1787 2202 3374 1603 3890 2703 3067 6876 8382 7499 9356 7092 2428 2531 4098 1280 2125 5882 2979 5559 7176 4400 3348
14 1181 9759 3079 4476 7859 1341 3490 3699 6463 4227 6352 8427 2349 4214 5885 9355 3488 2406 3252 5865 1879 7209 4378 2913 4556 3511 9557 2974 9613
15 357 318 415 254 4432 281 5621 1332 6986 536 2707 3211 2304 3172 971 1385 4962 5209 1862 200 400 258 215 489 4525 1745 248 9138 1011 4799 1850 1894 349 2717 5051 406 294 1023 3839 933 5295 902 1413 626 475 3142 287 9691 7086 5011 597 762 516 1691 6138
16 4032 1092 5538 9211 4585 1631 3009 7345 3712 4916 6703 5193 1749 7590 5912 9040 5920 9675 2287 3380 2611 5863 6615 6246 6620 9013 4366 7250 5681 9231 3337
17 2949 1664 3577 1239 4334 5620 3843 1708 3569 4253 2914 1433 2309 2342 1865 3303 5724 2344 6630 2939 2239 3012 9218 5130 8149 1731 1710 2648 4950 8184
18 4915 7671 1898 6274 1855 4612 1852 1115 8806 3886 5545 5014 8713 1264 6434 4776 1893 913 3394 2884 2782 2647 2165 2154 6913 4129 8629 5296 2894 1956 2797 7842
19 1487 2601 1810 3525 7064 7922 2193 4673 4374 4417 2090 1373 2475 2220 9665 2585 6736 3233 2271 2958 1817 3444 2479 1064 6558 4081 5772 2025 3862 1024 1555 2842 6812 1509 1689 3855 9915
20 438 578 2162 7918 1718 1972 579 2171 4810 807 8156 9519 4724 423 544 622 2052 1529 1026 697 710 1804 470 1030 1812 317 3858 557 2919 975 997 3642 3991 691 668 8139 2218 672 1911 9351 2809 3119 5751 7557 998 1883 7461
21 453 683 3791 563 1363 667 980 7837 488 2582 4819 1228 2190 3853 2852 4335 823 814 3395 2293 640 7292 1169 430 4210 4255 9611 965 1971 1456 713 1496 3887 842 5598 3357 5848 1985 1099 1147 4388 4258 4172
22 48 161 299 268 46 47 86 157 285 53 187 79 686 39 372 140 4171 6698 123 49 1434 119 426 751 146 80 679 737 330 43 1888 90 1583 301 92 132 95 2700 9365 2486 2513 342 1679 332 81 147 178 731 1597 125 331 206 7242 671 624 71 4142 198 681 914 59 1917 494 655 4347 2120 4841 1052 1387 2402 665 3483 3923 907 3457 5959 6402 6165 4371
23 2882 1782 2405 3143 5712 987 6523 3117 740 5175 4309 3604 6131 1688 591 2664 5819 2285 1394 1579 3938 838 2338 1821 4914 7418 8267 3180 6747 8055 3494 2456 5791
24 6373 8933 1080 2175 7832 1690 2610 6001 4099 5910 863 1150 4070 4277 767 1449 2419 7966 507 804 7776 3137 1602 7315 2410 2819 540 1063 530 837 1788 1829 1233 2245 2445 1414 1961 3323 547 1160 9146 2334 4985 3139 6478 4982
25 2665 4712 3753 1382 4622 941 2737 6939 9035 3234 9883 2223 3913 3306 1637 9903 8297 2277 8183 3988 3124 2199 5702 1075 5637 2751 1594 4546 5924
26 678 1725 380 1457 1187 7408 1736 2692 394 1629 5124 1423 2538 522 533 1398 4167 7672 4834 1339 1232 1754 368 433 3540 8200 6616 7147 3769 4221 379 5667 3613 5754 1549 2523 559 2967 1936 3204 2047 704 2697 712 926 1732 2487 1180 1445 1884 466 9301 8466 4487
27 66 75 87 267 650 76 300 64 1604 1951 1756 118 1591 2291 2889 67 115 382 1270 432 915 204 68 2148 919 1395 1714 484 940 1506 909 348 6102 3389 1554 1524 4023 77 443 168 451 653 240 542 4102 231 632 957 98 137 1734 122 162 142 175 899 609 106 2177 659 8450 325 89 5990 2713 2112 6379 1283 207 662 1388 9305
28 2411 5412 3608 5553 4629 3633 3574 2931 2968 1018 1983 2001 7392 5376 6449 4699 7378 4184 6371 1931 4929 2636 6588 2743 4319 4920 9459 8740 4984 2094 8349
29 1595 2732 3730 5519 937 5878 2295 1501 6147 1007 3597 3223 1801 4009 3879 5653 2312 1138 2555 5557 1615 1517 2471 4538 9271 5982 4106 9285 4539 8492 8381 7371 818 4483 5998 9521
30 7112 5951 5960 3575 9902 8860 4139 5609 3036 3033 9678 9868 5275 5970 8790 4959 4150 1317 6524 6589 4545 2437 2346 2947 6281 2508 9837 3486 9669 2619 1874 2498 4524 6068 1182 8342 2035 3254 1616 6762 5789
31 676 528 958 4320 556 931 1765 1902 1103 6201 1126 7387 645 1087 3493 6005 1436 918 973 2491 1016 5558 3796 1743 6730 5626 3251 1046 1808 2862 1097 839 3121 2823 560 724 2134 3747 4343 7607 898 581 4829 3807
32 856 541 1118 7508 5516 1742 6134 2044 6362 6962 4736 1271 1687 1986 5158 9447 893 685 7253 1459 639 2446 5432 3203 1857 6037 8076 820 758 7401 2670 8802 2322 7069 3231 801 1057 2652 4817
33 602 425 365 434 4978 226 304 307 1702 1587 1369 531 417 680 2274 2841 739 1350 374 402 928 9572 2503 169 5200 961 843 344 1017 2169 4656 414 511 515 293 636 2298 230 4040 631 223 3700 1312 367 4090 251 362 373 2116 619 4820 7048 7984
34 5196 6813 7399 2096 7287 4088 6841 6063 1366 5144 5533 5552 4793 2629 3979 1693 3852 2333 1978 6401 2415 3260 7509 7710 7482 4181 5226 4925
35 2097 1293 2522 4016 3646 5310 8225 2023 5804 3446 4976 9549 1261 4599 5234 3173 2488 5950 5969 9861 6298 5812 5527 2131 2266 9864 1565 3487 2470 3278 4443
36 463 437 982 505 2079 1613 1772 887 3520 5643 860 2820 1914 2837 1777 760 535 600 1733 3369 2244 7042 721 472 5110 1020 490 3066 2983 3563 795 7727 630 1420 471 689 3408 1277 2844 830 1768 1286 467 1231 9765 3870
37 222 6290 1168 308 447 1989 2976 347 546 361 323 314 4089 296 302 4594 2240 2136 320 825 1090 4953 1428 4807 2067 2744 7594 385 817 182 1757 717 4607 509 2348 1117 1981 2292 3676 1159 3299 4397 1195 8334 2785 2114 2448 4537 1599 440 2229 1704 669 3410 572 1584 411 1161 4609 7584 7518 4178
38 1618 2407 9043 6155 2278 5542 5916 2234 5823 6348 4340 3891 4218 7038 5298 3013 4683 3376 5597 5853 9718 5549 2569 7223 9828 8918 2808 4361 3643 7355
39 772 2329 743 2843 5069 2787 4885 1108 788 3295 1337 1158 575 5225 706 1980 1640 610 3564 8635 1415 2627 3639 1002 3689 2048 4532 1368 7037 2758 1607 6450 1948 844 2477 1216 7707 4725 8931 5936
40 7593 4565 1460 2873 9167 6753 905 2706 2566 1860 6422 759 1795 1062 6785 1444 7108 3680 1709 5874 2770 2715 7773 1779 3089 5451 2954 2497 649 7245 2326 4276 2195 1890 4526 4605 2590
41 1683 3125 8616 4940 3817 2257 8783 8132 2204 3704 2021 2272 8146 5601 9906 5715 3568 1375 3148 6024 4006 7357 2831 8688 9897 3634 4300 5788 1569 7238 7091
42 2398 4908 1824 1539 2712 3969 4477 5564 2992 1362 1563 2988 9823 3083 2738 2315 1574 2124 2860 8177 2042 7993 2662 9574 3616 2736 2550
43 846 3235 3661 8438 5720 1279 1872 6462 7791 4872 3052 1991 7809 1357 6224 1347 5309 8853 5402 1789 1253 1083 4696 4686 766 7269 1441 1403 3502 3361 3215 934 5872 1086 1472 7291 2041 911 1778 6609 407 1071 1229 9993
44 7243 3652 6599 2865 2734 2236 8389 1759 5489 2289 3688 8474 1740 2813 7691 4981 4517 8699 4275 1527 3710 3255 6411 4857 1514 7905 1557 4998 4165 2284 3345 2589 1792 6460 3697
45 1556 5205 4067 4554 9946 1566 9485 1463 1735 1389 698 951 6644 794 1149 5108 2305 1843 6169 8801 674 718 2922 1942 9225 629 2325 1621 8672 5887 2191 3228 1678 2180 8114 5522 1201 1370 942 1209 1316 2006 4035 8270
46 2233 5494 3425 3406 3535 9299 6310 6029 6952 2286 1696 1499 1913 4722 5161 4913 1383 9890 1329 2783 5797 1188 5686 4370 8739 5334 2516 2728 9794 1102 9317
47 3596 4676 3549 9469 2206 6266 2074 1854 5463 1493 1466 1391 1538 1866 8488 9425 711 6518 4805 3782 2108 1265 3415 5264 4558 1469 1278 1226 2219 2246 1144 2525 3201 1154 2624 3021 3407 1776 1431 1185 2956 1680 5029
48 4452 8461 1421 4878 832 1623 892 4186 2975 2805 5728 6058 924 6043 1416 1015 7970 6691 4435 1561 4797 1641 2840 4479 3677 8407 3895 1934 1013 3581 5469 5600 4127 2609 7275
49 3814 3950 5427 2012 4674 3869 1839 4667 2055 3258 1873 3430 9009 3364 2117 3479 9977 1139 5842 2765 4235 3715 2541 4949 416 2071 1059 2203 6672 2026
50 9053 3981 1834 2330 1393 1141 1197 3912 5404 633 3764 3332 886 2150 862 569 730 2721 7977 8938 714 5329 705 9127 2593 1847 732 2378 3378 1378 796 2049 6385 2072 1666 1454 3166 7382 916 623 3045 2337 1113 6072 8978
51 1259 2995 3023 5410 4729 2341 9798 4614 1899 6249 2083 6932 9986 2251 5977 2518 4681 5532 3027 3017 6229 9635 1657 4942 1335 4639 1619 5591 5465
52 8567 4362 741 6682 4824 3832 7924 2892 2970 2217 2037 2306 7747 7981 5844 2157 3937 2594 3127 5859 1822 5019 1056 9269 2716 7460
53 514 306 413 840 658 1274 584 2147 550 1098 2063 2579 884 3025 1530 4421 6767 763 785 2000 3032 1608 628 3977 8309 3826 2216 6718 666 1546 7959 2930 2941 4273 2106 551 1048 984 4022 2425 1343 6234 2374 4589 311 603 964 6115 8702 2138 1198 1292 6404 3397 8660 2261 2205 2973 2653
54 1912 1311 1107 1177 6745 798 2961 3196 2845 7367 2232 562 2139 6915 5914 5555 2464 3135 8332 4636 1935 1418 5641 854 1257 1568 2432 1518 3302 9713 2657 664 792 693 2241 8322 2442 8988 5514
55 324 5268 2207 7081 441 8703 985 2649 1031 1218 5333 7013 722 7325 757 399 4520 822 996 6018 1521 1442 967 418 5850 428 1896 4317 312 2431 593 2847 1320 508 3279 3692 2768 1260 435 319 1417 4618 1135 469 7173 6016 2857 292 337 6809 2735 3585 2163 6163 8897 9927 9514
56 565 1207 492 7774 1853 904 3016 3359 6361 3141 8044 6335 853 2104 851 1859 5615 3246 2709 4791 3003 673 787 1626 326 2500 1498 1404 1446 6059 753 3911 1620 3448 3878 1590 1167 3824 888 8271
57 6992 618 2562 1101 4662 4858 8947 2275 4360 7569 2948 3257 2100 1309 895 2005 8549 5046 1199 2613 7481 7342 3195 736 7589 988 1880 6951 1212 5840 4596 8480 3351 1486 1130 7354 9360 1747 5336
58 611 3514 1151 1408 421 5091 1194 1256 3591 265 167 1324 519 250 2685 5429 8095 7293 284 275 1106 4281 288 186 191 2521 1131 141 388 272 7498 2616 221 707 747 2825 784 599 517 305 3706 3008 1638 264 2504 495 824 383 3470 393 2045 2612 459 181 503 9894 764 1564 1437 174 574 233 422 244 534 735 2238 5862 6337
59 2556 1175 3580 6534 1800 5483 4018 6934 1582 2248 1832 4044 2388 8058 1837 1746 9162 7866 3686 5794 9478 9430 3232 4025 5511 4433 1993 3903 6050 9353 2933 3268 4850 2424 5580 1560 4781 690 8316 3953 7636
60 3573 2066 1060 2436 6786 1500 5539 2119 2081 9338 7022 7492 8324 5222 6959 1492 9701 6327 1392 6410 4491 3101 6649 2836 7497 2151 4313 7532 1887 4219 2452 9010 9548
61 315 448 283 1627 338 921 946 9896 613 4063 462 871 369 392 1204 6539 6087 5721 8528 1805 8243 1313 381 966 3270 8219 5394 6502 1012 3635 5773 970 3768 360 4430 1096 1258 734 972 1528 661 2187 493 9630 1272 3708 3222 803 1967 354 3428 5876 2073 486 5101 4475 6304
62 3070 1405 2227 1323 4575 8654 1706 6946 7876 5147 1767 748 6726 4046 9840 9782 6847 1827 2070 3028 2426 1726 1166 2235 2883 4734 9175 2093 6292 8388 4425
63 4632 7635 3190 3603 4726 883 3889 1178 2105 3426 1658 1111 1208 9037 3528 4282 1815 2587 7090 930 1592 5769 4498 874 3112 2308 2254 7822 9155
64 336 366 568 567 1303 608 1450 427 474 452 2573 6452 3631 2142 525 1008 1861 260 885 786 473 4703 1927 2020 9086 643 9553 555 420 855 3489 642 3517 1104 9542 1750 1925 2639 6057 7389 1959 1361 7895
65 4552 2901 2156 3249 2864 6227 1439 2128 3711 2469 4194 4060 3318 2133 4964 5357 4968 3256 4047 6158 2896 2745 8875 2485 3783 4245 4207 4610
66 3498 819 8969 1211 1266 1328 2027 4625 4742 1267 6359 2576 5801 7226 1755 3804 2560 3797 7266 4941 4854 7414 8429 4448 1451 1205 6621 1014 6744 6243 2188 5443 3883 3504 5434 4828 3284 8677 2164 4689 9346
67 85 149 245 501 2614 196 1656 524 156 815 91 1610 720 183 637 4977 101 144 210 625 8734 100 2003 4148 1065 105 277 375 3441 104 595 109 1183 4364 2383 4768 1799 1881 1171 108 94 1667 111 6459 1930 7892 235 129 3158 566 171 3398 159 170 510 476 172 850 5661 4247
68 1250 1540 2666 4372 1612 1836 848 3038 2453 2033 2019 9832 688 3533 1729 2380 456 744 4863 3082 802 2563 1325 7908 6684 564 8929 3443 2270 1711 1841 1058 1136 3262 6543 723 652 3311 3447 5778 1036 876 2360 5515 813 1868 5843
69 7884 5339 917 1145 6705 3492 4377 1882 2512 9511 1247 2761 2184 5413 4536 5617 2373 4577 3567 7530 3505 6568 4572 6879 5512 2568 1748 2247 3722
70 7867 1458 6536 3729 5304 1133 2661 9512 5066 5971 4844 3414 5385 8066 7167 3871 5251 2327 9204 2729 3450 2878 5864 8901 3900 8973 1504 1647 5484 6658 8706
71 580 4195 5241 6467 8469 3210 7827 5817 5221 1675 1908 7121 1698 1752 2002 3718 8834 6961 1653 2363 1164 5359 1848 1642 6924 6514 2972 9786 620 2439 9017 2391 1727 4242 4530 9649 9657
72 1027 446 352 1019 353 8094 386 687 9957 1780 2296 3199 397 634 2385 202 4103 5974 1541 1321 241 1401 334 192 992 1093 286 345 2701 1601 5442 726 220 532 1697 750 523 341 217 266 208 3160 1128 2871 419 3453
73 646 160 310 154 594 124 185 201 496 238 370 587 327 1510 256 9054 203 179 1287 225 896 4390 130 2659 4500 271 116 727 5554 127 429 455 545 195 3379 189 398 134 927 6369 4997 2899 4301 596 2282 4288 1452 7674 1352 298 1225 282 257 1771 7585 9584
74 7322 3761 4223 2089 1818 4160 4111 6021 4680 4923 8401 1938 7458 5902 1406 1234 4251 5908 2255 3001 2542 8890 1537 6015 7852 5299 9359 2689 9098 5218 6228 5450
75 920 2392 3193 4772 2155 1856 6755 7591 1968 1359 1960 2409 3572 1891 5305 3819 8287 6981 2423 5561 1928 6532 8307 6307 6424 2455 8315 1542 2784 4619 5167
76 657 821 8019 2417 3471 8643 1006 3024 1079 1217 2739 3790 8241 2696 8152 912 9768 4116 7869 1055 2509 3866 7437 1904 1035 4849 9246 1851 5374 6180 1648 9421 1140 4493 9731 692 9066 3006 1044 5247 8226 1963 1465 1863 8099 3907 1100 6486 1828 2943
77 1038 2886 504 1349 4688 527 1072 2654 2726 5472 1051 5668 8215 4859 1547 5395 1351 6787 2226 4514 573 606 6188 3319 605 4104 793 2985 6097 592 8360 5084 2604 1360 1484 5893 479 4895 1121 5845 4919 1319 791 9710 1068 981 9593
78 1255 3400 5255 3825 1694 4358 1503 4096 7759 4436 4645 2340 4646 5760 4373 1532 9892 1663 2087 1660 3002 1053 3240 1042 1032 2547 960 908 2008 6582 7742 4299 1029 8030 1567 9639 7110
79 2221 1670 2250 9420 2460 2748 1193 4581 1367 1426 1763 6405 6817 1397 6267 7797 2362 1728 1950 4761 1435 7217 4331 9391 2013 5284 1156 6655 3499 3044 8040
80 205 4881 841 5546 261 219 2196 274 1468 1001 387 4497 259 7347 1571 6035 5603 270 6979 3600 995 805 269 999 1429 561 8761 800 177 9502 3543 1307 5725 2198 234 9047 444 829 279 647 150 4813 384 878 232 188 6668 165 3497 343 2444 1365 1826 5895 436 1643 2492 1876 663 333 3053 391 194 6577 2168 836 5860 5367 7548
81 9749 9831 3915 3673 1715 3662 3881 1179 2720 3175 7575 3095 827 1741 1170 9562 9803 7304 1191 6440 6593 1997 2077 4200 1992 5905 3632 2710 771 4455 8131 4289
82 239 351 954 1155 983 901 866 6222 1628 4157 2826 7537 1298 4869 378 7712 1296 935 1665 237 6628 756 1095 1491 9039 910 733 5182 2859 4188 1004 1300 465 4413 1327 1673 498 2359 1721 3818 328 445 929 1478 297 990 651 2533 5634 4650 1236 520 1221 7559 978 1227 2430 615 1224 6930 2170 7677
83 2387 4196 3098 3513 4533 8295 5803 5312 5633 8272 5361 1515 1162 1588 9234 2769 1545 7986 3330 8380 4995 2036 3961 5311 2690 1146 9616 3508 2181 3456 2854 9199 8770 9470 7868
84 1333 3624 4429 529 1494 906 491 1871 506 2288 882 700 1084 938 2872 2688 2017 276 2740 738 976 2480 460 3293 864 6051 4814 3140 7211 477 752 993 1110 8355 8015 5447 3131 7658 1988 4478 4606 2249 3205 2705
85 2494 8364 5346 6828 5302 3917 1533 1901 6824 2986 5210 5415 3019 3109 3030 4615 6294 8520 4750 2167 2050 2517 5583 1811 1846 2080 3096 9372 1050 3995 1165 2634 7854 3056 4755 8489 4310
86 746 641 499 614 3071 1073 7753 2902 1593 9543 449 4848 526 1386 777 3264 5031 8751 8955 7454 4336 890 412 364 401 943 1294 8707 903 7373 7218 577 9551 627 262 702 1807 3621 2126 313 812 497 6092 1112 322 1078 2577 1000 4864 868 644 1251 1483 376 457 1124 660 952
87 558 1123 2759 6178 1282 808 1091 1009 1295 9081 3392 2918 2427 2024 2977 9322 7718 2650 1803 6565 4974 1249 2869 768 4094 1037 834 2791 7798 7444 2345 7267 833 2682 8993 8168 2608 6137 4865 2450 4061 1751
88 1739 2127 570 3411 2355 1744 6854 9538 1419 3179 9311 947 1003 7995 7732 1875 7303 3943 2397 1586 5707 2551 2209 3856 3387 3171 4410 2514 4630 1686 8719
89 8 0 138 9 2 7 1 5 27 14 3 4 69 28 6 3244 155 19 1502 1290 15 2848 120 3097 11 176 126 1671 554 2264 63 37 968 1737 1310 583 21 708 13 17 121 20 16 1263 23 65 199 859 1495 12 468 10 252 22 184 62 6729 18 30 404 148 3975 1482 5926 72 57 900 139 869 35 621 2818 2060 107 38 485 58 236 356 197 867 24 7624 3756 166 74 193 3110 355 44 102 131 1334 5921 1173 1954 26 114 78 45 303 164 253 2591 9517
90 6964 5269 6259 8787 2064 959 2399 3958 2929 6735 8819 3000 3403 1573 3170 1047 7734 3004 5326 6111 6475 2916 9183 991 3423 2674 9817 2507 2004 8543 6392 5763 5708 1525 6837 8864 7375 3068 8465 4028
91 6261 6912 1867 2790 7231 2365 6707 4191 5782 2545 2501 5021 2366 3663 1624 2493 5585 2467 8906 7893 1326 2631 2141 4621 2476 1488 2815 6971
92 847 6571 4738 7878 3114 953 3996 950 3363 2372 925 1577 6783 1262 1246 5497 617 897 6181 1049 4021 1669 5999 1791 3346 5253 1909 1346 2152 1900 3500 6481 870 701 3289 1973 5534 4744 8911 3582 6575 4741
93 635 654 295 6086 589 845 1516 478 1041 1921 3054 4403 1033 994 9335 773 745 359 1651 1513 2552 1611 2313 2950 1215 4672 553 2140 1186 1210 2039 5582 4225 5616 5038 969 1550 2684 1548 809 3561 1189 3266 4801 539 729 502 1244 1480 2145 2526 3057 3467 8080
94 6642 6689 2311 8056 2832 974 3682 7816 3360 3388 939 7605 4540 1995 2932 1813 9793 4549 5249 4138 3419 1289 9128 1974 3059 5154 4684 4034 7294
95 881 190 703 214 263 454 8454 5973 500 2741 1440 8992 5851 776 358 6141 5448 5313 3759 1222 962 1522 598 1119 789 694 749 778 461 403 1005 246 363 1223 7929 742 1137 4510 6082 2088 716 1344 3424 1783 209 291 638 1153 7360 1134 247 1174 7104 1114 4226 4291 8034 9933 321 1376 213 4613 538 153 604 6126 1152 396 2757 1575 1793 3102
96 1116 1402 4624 3813 3429 9205 1797 4482 2571 5160 5270 4459 1944 3626 6022 607 1109 2887 1281 4790 8948 3934 8735 2160 2358 3478 2010 2200 955 5805 2123 2622 3955 8365 9990 5595
97 2683 949 6288 3455 2158 616 512 6572 431 4551 2849 590 3880 278 1606 1562 857 1558 4342 2316 670 1723 1284 1674 2214 1447 464 3884 4507 242 2258 1692 405 7850 861 2905 1330 458 340 2858 4329 831 2572 537 3412 1275 481 769 7151 450 1707 543 1966 2651 2420 350 8147 6238 2212 6347 6769
98 7971 2925 932 1345 2065 9677 1238 5507 1354 1576 3420 1148 7975 1906 2762 2178 1511 7244 2794 7341 1338 3927 1021 3964 1377 2920 5355 3161 5579 2091 1372 3034 4909 4804 7007
99 1305 1163 4100 2816 1477 8366 1358 2421 1878 6607 2965 858 790 9888 2633 5285 1705 1661 2451 5565 1125 989 1172 1753 9652 677 8374 1933 4140 5480 923 806 3863 5838 2746 3726 3239 3983 3225 4130 1304 3243 1322 4350 3537 765 8733 3194 2923 2824 7777 4818 2085 9824
